<?xml version="1.0" encoding="UTF-8"?>
<!-- Generated by org.testng.reporters.JUnitReportReporter -->
<testsuite hostname="DESKTOP-ACRG6SS" failures="0" tests="1" name="PS1" time="0.023" errors="0" timestamp="2024-09-09T19:25:11 GMT-07:00" skipped="0">
  <testcase classname="PS1" name="testRun" time="0.023"/>
  <system-out/>
</testsuite> <!-- PS1 -->
