<?xml version="1.0" encoding="UTF-8"?>
<!-- Generated by org.testng.reporters.JUnitReportReporter -->
<testsuite hostname="DESKTOP-ACRG6SS" failures="0" tests="1" name="Test.Day2" time="0.003" errors="0" timestamp="2024-09-06T00:24:57 GMT-07:00" skipped="0">
  <testcase classname="Test.Day2" name="pinfo1" time="0.003"/>
  <system-out/>
</testsuite> <!-- Test.Day2 -->
