<?xml version="1.0" encoding="UTF-8"?>
<!-- Generated by org.testng.reporters.JUnitReportReporter -->
<testsuite hostname="DESKTOP-ACRG6SS" failures="0" tests="1" name="Test.Day4" time="0.001" errors="0" timestamp="2024-09-06T00:24:57 GMT-07:00" skipped="0">
  <testcase classname="Test.Day4" name="LoginAPIHomeloan" time="0.001"/>
  <system-out/>
</testsuite> <!-- Test.Day4 -->
