<?xml version="1.0" encoding="UTF-8"?>
<!-- Generated by org.testng.reporters.JUnitReportReporter -->
<testsuite hostname="DESKTOP-ACRG6SS" failures="0" tests="2" name="Test.Day1" time="0.031" errors="0" timestamp="2024-09-06T00:24:57 GMT-07:00" skipped="0">
  <testcase classname="Test.Day1" name="Demo" time="0.015"/>
  <system-out/>
  <testcase classname="Test.Day1" name="pinfo" time="0.016"/>
  <system-out/>
</testsuite> <!-- Test.Day1 -->
