<?xml version="1.0" encoding="UTF-8"?>
<!-- Generated by org.testng.reporters.JUnitReportReporter -->
<testsuite hostname="DESKTOP-ACRG6SS" failures="0" tests="7" name="Test.Day3" time="0.056" errors="0" timestamp="2024-09-06T00:24:57 GMT-07:00" skipped="1">
  <testcase classname="Test.Day3" name="MobileSignoutCarloan" time="0.017"/>
  <system-out/>
  <testcase classname="Test.Day3" name="MobileSignoutCarloan" time="0.007"/>
  <system-out/>
  <testcase classname="Test.Day3" name="WebLoginCarloan" time="0.012"/>
  <system-out/>
  <testcase classname="Test.Day3" name="MobileSigninCarloan" time="0.012"/>
  <system-out/>
  <testcase classname="Test.Day3" name="LoginAPICarloan" time="0.002"/>
  <system-out/>
  <testcase classname="Test.Day3" name="MobileSignoutCarloan" time="0.006"/>
  <system-out/>
  <testcase classname="Test.Day3" name="MobileLoginCarloan">
    <skipped/>
  </testcase> <!-- MobileLoginCarloan -->
  <system-out/>
</testsuite> <!-- Test.Day3 -->
